Compilación iniciada a las 28/06/2017 17:09:38.
     1>Proyecto "C:\Users\Paula Lopez\Desktop\Practica01\Practica1\Practica2 clean\Practica2.vcxproj" en el nodo 2 (Build destinos).
     1>ClCompile:
         C:\Program Files (x86)\Microsoft Visual Studio 12.0\VC\bin\CL.exe /c /Zi /nologo /W3 /WX- /O2 /Oy- /GL /D WIN32 /D NDEBUG /D _CONSOLE /D _UNICODE /D UNICODE /Gm- /EHsc /MT /GS /fp:precise /Zc:wchar_t /Zc:forScope /Fo"Release\\" /Fd"Release\vc120.pdb" /Gd /TP /analyze- /errorReport:prompt RayTrace.cpp
         RayTrace.cpp
     1>RayTrace.cpp(202): warning C4018: '<' : no coinciden signed/unsigned
     1>RayTrace.cpp(271): warning C4018: '<' : no coinciden signed/unsigned
     1>RayTrace.cpp(339): warning C4018: '<' : no coinciden signed/unsigned
     1>RayTrace.cpp(361): warning C4018: '<' : no coinciden signed/unsigned
     1>RayTrace.cpp(409): warning C4018: '<' : no coinciden signed/unsigned
     1>RayTrace.cpp(515): warning C4018: '<' : no coinciden signed/unsigned
     1>RayTrace.cpp(601): warning C4018: '<' : no coinciden signed/unsigned
     1>RayTrace.cpp(626): warning C4018: '<' : no coinciden signed/unsigned
     1>RayTrace.cpp(689): warning C4018: '<' : no coinciden signed/unsigned
       Link:
         C:\Program Files (x86)\Microsoft Visual Studio 12.0\VC\bin\link.exe /ERRORREPORT:PROMPT /OUT:"C:\Users\Paula Lopez\Desktop\Practica01\Practica1\Practica2 clean\Release\Practica2.exe" /INCREMENTAL:NO /NOLOGO kernel32.lib user32.lib gdi32.lib winspool.lib comdlg32.lib advapi32.lib shell32.lib ole32.lib oleaut32.lib uuid.lib odbc32.lib odbccp32.lib /NODEFAULTLIB:libc.lib /MANIFEST /MANIFESTUAC:"level='asInvoker' uiAccess='false'" /manifest:embed /DEBUG /PDB:"C:\Users\Paula Lopez\Desktop\Practica01\Practica1\Practica2 clean\Release\Practica2.pdb" /SUBSYSTEM:CONSOLE /OPT:REF /OPT:ICF /LTCG /TLBID:1 /DYNAMICBASE /NXCOMPAT /IMPLIB:"C:\Users\Paula Lopez\Desktop\Practica01\Practica1\Practica2 clean\Release\Practica2.lib" /MACHINE:X86 /SAFESEH:NO Release\3ds.obj
         Release\RayTrace.obj
         Release\Scene.obj
         Release\starter.obj
         Release\xmlParser.obj
         Generando código
         Generación de código finalizada
         Practica2.vcxproj -> C:\Users\Paula Lopez\Desktop\Practica01\Practica1\Practica2 clean\Release\Practica2.exe
     1>Compilación del proyecto terminada "C:\Users\Paula Lopez\Desktop\Practica01\Practica1\Practica2 clean\Practica2.vcxproj" (Build destinos).

Compilación correcta.

Tiempo transcurrido 00:00:02.60
